2023-05-17 07:35:50 [scrapy] DEBUG: Crawled (200) <GET https://www.amazon.in/robots.txt> (referer: None)
2023-05-17 07:35:51 [scrapy] DEBUG: Crawled (200) <GET https://www.amazon.in/> (referer: None)
2023-05-17 07:35:52 [scrapy] DEBUG: Redirecting (301) to <GET https://www.amazon.in/> from <GET https://www.amazon.in/s/ref=nb_sb_noss_1?url=search-alias%3Daps&field-keywords=&crid=2H9F22BB8QJ8P&sprefix=%2Caps%2C475>
2023-05-17 07:35:52 [scrapy] DEBUG: Filtered duplicate request: <GET https://www.amazon.in/> - no more duplicates will be shown (see DUPEFILTER_DEBUG to show all duplicates)
2023-05-17 07:35:52 [scrapy] INFO: Closing spider (finished)
2023-05-17 07:35:52 [scrapy] INFO: Dumping Scrapy stats:
{'downloader/request_bytes': 953,
 'downloader/request_count': 3,
 'downloader/request_method_count/GET': 3,
 'downloader/response_bytes': 50058,
 'downloader/response_count': 3,
 'downloader/response_status_count/200': 2,
 'downloader/response_status_count/301': 1,
 'dupefilter/filtered': 1,
 'elapsed_time_seconds': 2.593912,
 'finish_reason': 'finished',
 'finish_time': datetime.datetime(2023, 5, 17, 2, 35, 52, 295804),
 'log_count/DEBUG': 4,
 'log_count/INFO': 7,
 'request_depth_max': 1,
 'response_received_count': 2,
 'robotstxt/request_count': 1,
 'robotstxt/response_count': 1,
 'robotstxt/response_status_count/200': 1,
 'scheduler/dequeued': 2,
 'scheduler/dequeued/memory': 2,
 'scheduler/enqueued': 2,
 'scheduler/enqueued/memory': 2,
 'start_time': datetime.datetime(2023, 5, 17, 2, 35, 49, 701892)}
2023-05-17 07:35:52 [scrapy] INFO: Spider closed (finished)
