2023-05-17 08:27:06 [scrapy] DEBUG: Crawled (200) <GET https://www.amazon.in/robots.txt> (referer: None)
2023-05-17 08:27:06 [scrapy] DEBUG: Retrying <GET https://www.amazon.in/> (failed 1 times): 503 Service Unavailable
2023-05-17 08:27:06 [scrapy] DEBUG: Crawled (200) <GET https://www.amazon.in/> (referer: None)
2023-05-17 08:27:07 [scrapy] DEBUG: Redirecting (301) to <GET https://www.amazon.in/> from <GET https://www.amazon.in/s/ref=nb_sb_noss_1?url=search-alias%3Daps&field-keywords=&crid=2H9F22BB8QJ8P&sprefix=%2Caps%2C475>
2023-05-17 08:27:07 [scrapy] DEBUG: Filtered duplicate request: <GET https://www.amazon.in/> - no more duplicates will be shown (see DUPEFILTER_DEBUG to show all duplicates)
2023-05-17 08:27:07 [scrapy] INFO: Closing spider (finished)
2023-05-17 08:27:07 [scrapy] INFO: Dumping Scrapy stats:
{'downloader/request_bytes': 1165,
 'downloader/request_count': 4,
 'downloader/request_method_count/GET': 4,
 'downloader/response_bytes': 52898,
 'downloader/response_count': 4,
 'downloader/response_status_count/200': 2,
 'downloader/response_status_count/301': 1,
 'downloader/response_status_count/503': 1,
 'dupefilter/filtered': 1,
 'elapsed_time_seconds': 1.674843,
 'finish_reason': 'finished',
 'finish_time': datetime.datetime(2023, 5, 17, 3, 27, 7, 261828),
 'log_count/DEBUG': 5,
 'log_count/INFO': 7,
 'request_depth_max': 1,
 'response_received_count': 2,
 'retry/count': 1,
 'retry/reason_count/503 Service Unavailable': 1,
 'robotstxt/request_count': 1,
 'robotstxt/response_count': 1,
 'robotstxt/response_status_count/200': 1,
 'scheduler/dequeued': 3,
 'scheduler/dequeued/memory': 3,
 'scheduler/enqueued': 3,
 'scheduler/enqueued/memory': 3,
 'start_time': datetime.datetime(2023, 5, 17, 3, 27, 5, 586985)}
2023-05-17 08:27:07 [scrapy] INFO: Spider closed (finished)
