2023-05-16 16:06:47 [scrapy] DEBUG: Crawled (200) <GET https://www.amazon.in/robots.txt> (referer: None)
2023-05-16 16:06:48 [scrapy] DEBUG: Crawled (200) <GET https://www.amazon.in/> (referer: None)
2023-05-16 16:06:49 [scrapy] DEBUG: Retrying <GET https://www.amazon.in/s/ref=nb_sb_noss_1?url=search-alias%3Daps&field-keywords=&crid=2H9F22BB8QJ8P&sprefix=%2Caps%2C475> (failed 1 times): 503 Service Unavailable
2023-05-16 16:06:49 [scrapy] DEBUG: Retrying <GET https://www.amazon.in/s/ref=nb_sb_noss_1?url=search-alias%3Daps&field-keywords=&crid=2H9F22BB8QJ8P&sprefix=%2Caps%2C475> (failed 2 times): 503 Service Unavailable
2023-05-16 16:06:50 [scrapy] DEBUG: Gave up retrying <GET https://www.amazon.in/s/ref=nb_sb_noss_1?url=search-alias%3Daps&field-keywords=&crid=2H9F22BB8QJ8P&sprefix=%2Caps%2C475> (failed 3 times): 503 Service Unavailable
2023-05-16 16:06:50 [scrapy] DEBUG: Crawled (503) <GET https://www.amazon.in/s/ref=nb_sb_noss_1?url=search-alias%3Daps&field-keywords=&crid=2H9F22BB8QJ8P&sprefix=%2Caps%2C475> (referer: https://www.amazon.in/ref=nav_logo)
2023-05-16 16:06:50 [scrapy] INFO: Ignoring response <503 https://www.amazon.in/s/ref=nb_sb_noss_1?url=search-alias%3Daps&field-keywords=&crid=2H9F22BB8QJ8P&sprefix=%2Caps%2C475>: HTTP status code is not handled or not allowed
2023-05-16 16:06:50 [scrapy] INFO: Closing spider (finished)
2023-05-16 16:06:50 [scrapy] INFO: Dumping Scrapy stats:
{'downloader/request_bytes': 1991,
 'downloader/request_count': 5,
 'downloader/request_method_count/GET': 5,
 'downloader/response_bytes': 52617,
 'downloader/response_count': 5,
 'downloader/response_status_count/200': 2,
 'downloader/response_status_count/503': 3,
 'elapsed_time_seconds': 3.231163,
 'finish_reason': 'finished',
 'finish_time': datetime.datetime(2023, 5, 16, 11, 6, 50, 136126),
 'httperror/response_ignored_count': 1,
 'httperror/response_ignored_status_count/503': 1,
 'log_count/DEBUG': 6,
 'log_count/INFO': 8,
 'request_depth_max': 1,
 'response_received_count': 3,
 'retry/count': 2,
 'retry/max_reached': 1,
 'retry/reason_count/503 Service Unavailable': 2,
 'robotstxt/request_count': 1,
 'robotstxt/response_count': 1,
 'robotstxt/response_status_count/200': 1,
 'scheduler/dequeued': 4,
 'scheduler/dequeued/memory': 4,
 'scheduler/enqueued': 4,
 'scheduler/enqueued/memory': 4,
 'start_time': datetime.datetime(2023, 5, 16, 11, 6, 46, 904963)}
2023-05-16 16:06:50 [scrapy] INFO: Spider closed (finished)
